TN:
SF:app/_components/Form/ButtonPanel.tsx
FN:41,(anonymous_0)
FN:47,(anonymous_1)
FNF:2
FNH:2
FNDA:3,(anonymous_0)
FNDA:36,(anonymous_1)
DA:12,1
DA:41,1
DA:42,3
DA:48,36
LF:4
LH:4
BRDA:53,0,0,36
BRDA:53,0,1,6
BRF:2
BRH:2
end_of_record
TN:
SF:app/_components/Form/Display.tsx
FN:5,(anonymous_0)
FNF:1
FNH:1
FNDA:80,(anonymous_0)
DA:5,2
DA:6,80
LF:2
LH:2
BRF:0
BRH:0
end_of_record
TN:
SF:app/_components/Form/Form.tsx
FN:14,(anonymous_0)
FN:20,(anonymous_1)
FN:50,(anonymous_2)
FN:62,(anonymous_3)
FN:74,(anonymous_4)
FN:82,(anonymous_5)
FNF:6
FNH:5
FNDA:78,(anonymous_0)
FNDA:12,(anonymous_1)
FNDA:0,(anonymous_2)
FNDA:47,(anonymous_3)
FNDA:1,(anonymous_4)
FNDA:44,(anonymous_5)
DA:14,1
DA:15,78
DA:16,78
DA:17,78
DA:18,78
DA:20,78
DA:21,12
DA:22,12
DA:23,4
DA:24,4
DA:25,4
DA:28,8
DA:29,8
DA:30,8
DA:31,8
DA:33,6
DA:34,1
DA:35,1
DA:37,5
DA:38,1
DA:39,1
DA:40,1
DA:43,4
DA:44,4
DA:50,0
DA:55,1
DA:57,7
DA:59,5
DA:62,78
DA:63,47
DA:67,47
DA:68,1
DA:71,46
DA:72,46
DA:73,46
DA:74,1
DA:75,1
DA:77,45
DA:78,45
DA:79,1
DA:80,1
DA:82,44
DA:83,44
DA:85,0
DA:88,78
LF:45
LH:43
BRDA:22,0,0,4
BRDA:22,0,1,8
BRDA:33,1,0,1
BRDA:33,1,1,5
BRDA:37,2,0,1
BRDA:37,2,1,4
BRDA:67,3,0,1
BRDA:67,3,1,46
BRDA:67,4,0,47
BRDA:67,4,1,47
BRDA:73,5,0,1
BRDA:73,5,1,45
BRDA:77,6,0,45
BRDA:77,6,1,0
BRDA:78,7,0,1
BRDA:78,7,1,44
BRDA:96,8,0,7
BRDA:96,8,1,71
BRDA:103,9,0,78
BRDA:103,9,1,8
BRF:20
BRH:19
end_of_record
TN:
SF:app/_components/UserSelection/SelectUser.tsx
FN:12,(anonymous_0)
FNF:1
FNH:1
FNDA:50,(anonymous_0)
DA:12,3
DA:18,50
LF:2
LH:2
BRDA:30,0,0,27
BRDA:30,0,1,23
BRF:2
BRH:2
end_of_record
TN:
SF:app/_components/UserSelection/UserOption.tsx
FN:9,(anonymous_0)
FN:19,(anonymous_1)
FNF:2
FNH:2
FNDA:20,(anonymous_0)
FNDA:3,(anonymous_1)
DA:9,3
DA:10,20
DA:19,3
LF:3
LH:3
BRF:0
BRH:0
end_of_record
TN:
SF:app/_components/UserSelection/UserOptionList.tsx
FN:11,(anonymous_0)
FN:19,(anonymous_1)
FNF:2
FNH:2
FNDA:5,(anonymous_0)
FNDA:15,(anonymous_1)
DA:11,2
DA:12,5
DA:14,5
DA:20,15
LF:4
LH:4
BRDA:22,0,0,5
BRDA:22,0,1,2
BRF:2
BRH:2
end_of_record
TN:
SF:app/_components/UserSelection/UserSearch.tsx
FN:17,(anonymous_0)
FNF:1
FNH:1
FNDA:54,(anonymous_0)
DA:17,2
DA:28,54
DA:30,54
LF:3
LH:3
BRDA:39,0,0,0
BRDA:39,0,1,54
BRF:2
BRH:1
end_of_record
TN:
SF:app/api/v1/log/route.ts
FN:6,(anonymous_0)
FNF:1
FNH:1
FNDA:6,(anonymous_0)
DA:6,1
DA:7,6
DA:8,6
DA:10,6
DA:19,5
DA:21,5
DA:23,5
DA:25,2
DA:27,1
DA:29,1
DA:31,1
DA:34,2
DA:35,2
LF:13
LH:13
BRDA:23,0,0,2
BRDA:23,0,1,1
BRDA:23,0,2,1
BRDA:23,0,3,1
BRF:4
BRH:4
end_of_record
TN:
SF:app/api/v1/user/route.ts
FN:12,(anonymous_0)
FN:50,(anonymous_1)
FN:56,(anonymous_2)
FN:58,(anonymous_3)
FNF:4
FNH:4
FNDA:6,(anonymous_0)
FNDA:9,(anonymous_1)
FNDA:4,(anonymous_2)
FNDA:12,(anonymous_3)
DA:12,1
DA:13,6
DA:15,6
DA:18,6
DA:19,5
DA:21,5
DA:22,1
DA:23,1
DA:28,4
DA:29,1
DA:30,1
DA:35,3
DA:36,0
DA:38,0
DA:48,3
DA:50,3
DA:52,9
DA:54,9
DA:56,4
DA:57,4
DA:58,4
DA:59,12
DA:60,12
DA:61,4
DA:63,12
DA:64,12
DA:66,4
DA:69,4
DA:71,9
DA:74,3
DA:75,1
DA:85,2
DA:88,1
DA:89,1
LF:34
LH:32
BRDA:21,0,0,1
BRDA:21,0,1,4
BRDA:28,1,0,1
BRDA:28,1,1,3
BRDA:35,2,0,0
BRDA:35,2,1,3
BRDA:54,3,0,4
BRDA:54,3,1,5
BRDA:60,4,0,4
BRDA:60,4,1,8
BRDA:74,5,0,1
BRDA:74,5,1,2
BRF:12
BRH:11
end_of_record
TN:
SF:app/api/v1/user/check/route.ts
FN:5,(anonymous_0)
FNF:1
FNH:1
FNDA:1,(anonymous_0)
DA:5,1
DA:6,1
LF:2
LH:2
BRF:0
BRH:0
end_of_record
TN:
SF:components/Buttons/CustomButton.tsx
FN:10,(anonymous_0)
FNF:1
FNH:1
FNDA:108,(anonymous_0)
DA:10,8
DA:16,108
DA:18,1
DA:19,0
DA:21,1
DA:23,107
LF:6
LH:5
BRDA:11,0,0,108
BRDA:16,1,0,1
BRDA:16,1,1,107
BRDA:18,2,0,0
BRDA:18,2,1,1
BRF:5
BRH:4
end_of_record
TN:
SF:components/LoadingSpinner/InlineSpinner.tsx
FN:7,(anonymous_0)
FNF:1
FNH:1
FNDA:6,(anonymous_0)
DA:7,3
DA:9,6
DA:11,6
LF:3
LH:3
BRDA:7,0,0,6
BRDA:9,1,0,1
BRDA:9,1,1,5
BRDA:16,2,0,6
BRDA:16,2,1,1
BRF:5
BRH:5
end_of_record
TN:
SF:components/LoadingSpinner/LoadingSpinner.tsx
FN:5,(anonymous_0)
FNF:1
FNH:1
FNDA:12,(anonymous_0)
DA:5,3
DA:8,12
LF:2
LH:2
BRDA:6,0,0,12
BRF:1
BRH:1
end_of_record
TN:
SF:components/Modal/BackGround.Modal.tsx
FN:8,(anonymous_0)
FN:10,(anonymous_1)
FN:13,(anonymous_2)
FNF:3
FNH:2
FNDA:47,(anonymous_0)
FNDA:0,(anonymous_1)
FNDA:40,(anonymous_2)
DA:8,5
DA:13,47
DA:14,40
DA:16,47
LF:4
LH:4
BRDA:10,0,0,0
BRF:1
BRH:0
end_of_record
TN:
SF:components/Modal/Confirm.Modal.tsx
FN:8,(anonymous_0)
FN:14,(anonymous_1)
FNF:2
FNH:2
FNDA:11,(anonymous_0)
FNDA:6,(anonymous_1)
DA:8,6
DA:14,11
DA:15,6
DA:16,4
DA:18,2
DA:20,11
LF:6
LH:6
BRDA:15,0,0,4
BRDA:15,0,1,2
BRF:2
BRH:2
end_of_record
TN:
SF:components/Modal/Error.Modal.tsx
FN:9,(anonymous_0)
FNF:1
FNH:1
FNDA:6,(anonymous_0)
DA:9,6
DA:14,6
LF:2
LH:2
BRDA:11,0,0,6
BRF:1
BRH:1
end_of_record
TN:
SF:components/Panels/Panels.tsx
FN:8,(anonymous_0)
FNF:1
FNH:1
FNDA:3,(anonymous_0)
DA:8,1
DA:9,3
LF:2
LH:2
BRF:0
BRH:0
end_of_record
TN:
SF:contexts/Modals/ModalContext.tsx
FN:26,(anonymous_0)
FN:27,(anonymous_1)
FN:49,(anonymous_2)
FN:52,(anonymous_3)
FN:54,(anonymous_4)
FN:63,(anonymous_5)
FN:67,(anonymous_6)
FN:68,(anonymous_7)
FN:68,(anonymous_8)
FN:81,(anonymous_9)
FN:82,(anonymous_10)
FNF:11
FNH:11
FNDA:4,(anonymous_0)
FNDA:1,(anonymous_1)
FNDA:12,(anonymous_2)
FNDA:5,(anonymous_3)
FNDA:1,(anonymous_4)
FNDA:4,(anonymous_5)
FNDA:2,(anonymous_6)
FNDA:2,(anonymous_7)
FNDA:2,(anonymous_8)
FNDA:4,(anonymous_9)
FNDA:1,(anonymous_10)
DA:20,3
DA:26,3
DA:27,4
DA:28,1
DA:30,1
DA:31,0
DA:33,1
DA:35,4
DA:49,3
DA:50,12
DA:52,12
DA:53,5
DA:54,1
DA:56,5
DA:57,1
DA:60,1
DA:63,4
DA:64,4
DA:67,12
DA:68,2
DA:69,2
DA:72,12
DA:82,4
LF:23
LH:22
BRDA:30,0,0,0
BRDA:30,0,1,1
BRDA:56,1,0,1
BRDA:56,1,1,4
BRF:4
BRH:3
end_of_record
TN:
SF:contexts/Modals/useModal.ts
FN:5,(anonymous_0)
FNF:1
FNH:1
FNDA:16,(anonymous_0)
DA:5,3
DA:6,16
DA:7,16
DA:8,2
DA:10,14
LF:5
LH:5
BRDA:7,0,0,2
BRDA:7,0,1,14
BRF:2
BRH:2
end_of_record
TN:
SF:hooks/useCheckOverflowContents.ts
FN:4,(anonymous_0)
FN:8,(anonymous_1)
FNF:2
FNH:2
FNDA:4,(anonymous_0)
FNDA:3,(anonymous_1)
DA:4,3
DA:5,4
DA:6,4
DA:8,4
DA:9,3
DA:10,3
DA:11,1
DA:13,1
DA:16,2
DA:18,4
LF:10
LH:10
BRDA:10,0,0,1
BRDA:10,0,1,2
BRF:2
BRH:2
end_of_record
TN:
SF:hooks/useUserSelect.tsx
FN:10,(anonymous_0)
FN:16,(anonymous_1)
FN:50,(anonymous_2)
FN:99,(anonymous_3)
FN:100,(anonymous_4)
FN:103,(anonymous_5)
FN:104,(anonymous_6)
FNF:7
FNH:7
FNDA:85,(anonymous_0)
FNDA:19,(anonymous_1)
FNDA:2,(anonymous_2)
FNDA:57,(anonymous_3)
FNDA:57,(anonymous_4)
FNDA:4,(anonymous_5)
FNDA:4,(anonymous_6)
DA:10,4
DA:11,85
DA:12,85
DA:13,85
DA:14,85
DA:16,85
DA:17,19
DA:18,19
DA:21,19
DA:23,19
DA:25,3
DA:27,1
DA:31,1
DA:32,1
DA:36,16
DA:37,1
DA:42,1
DA:43,1
DA:46,15
DA:47,15
DA:48,15
DA:50,15
DA:51,2
DA:52,2
DA:55,15
DA:56,1
DA:65,1
DA:66,1
DA:69,14
DA:70,1
DA:79,1
DA:80,1
DA:84,15
DA:85,15
DA:89,15
DA:91,2
DA:92,2
DA:94,19
DA:99,85
DA:100,57
DA:103,85
DA:104,4
DA:107,85
LF:43
LH:43
BRDA:23,0,0,3
BRDA:23,0,1,16
BRDA:25,1,0,1
BRDA:25,1,1,2
BRDA:36,2,0,1
BRDA:36,2,1,15
BRDA:55,3,0,1
BRDA:55,3,1,14
BRDA:69,4,0,1
BRDA:69,4,1,13
BRF:10
BRH:10
end_of_record
TN:
SF:hooks/Modals/useConfirmModal.tsx
FN:9,(anonymous_0)
FN:12,(anonymous_1)
FN:17,(anonymous_2)
FN:17,(anonymous_3)
FN:18,(anonymous_4)
FNF:5
FNH:5
FNDA:58,(anonymous_0)
FNDA:3,(anonymous_1)
FNDA:12,(anonymous_2)
FNDA:1,(anonymous_3)
FNDA:1,(anonymous_4)
DA:9,4
DA:10,58
DA:12,58
DA:13,3
DA:16,58
DA:18,12
DA:19,1
DA:20,1
DA:22,12
LF:9
LH:9
BRDA:17,0,0,1
BRF:1
BRH:1
end_of_record
TN:
SF:hooks/Modals/useErrorModal.tsx
FN:9,(anonymous_0)
FN:12,(anonymous_1)
FN:17,(anonymous_2)
FNF:3
FNH:3
FNDA:59,(anonymous_0)
FNDA:1,(anonymous_1)
FNDA:5,(anonymous_2)
DA:9,4
DA:10,59
DA:12,59
DA:13,1
DA:16,59
DA:18,5
LF:6
LH:6
BRDA:17,0,0,5
BRDA:17,1,0,5
BRF:2
BRH:2
end_of_record
TN:
SF:lib/api/client/logs.ts
FN:5,(anonymous_0)
FN:17,(anonymous_1)
FNF:2
FNH:2
FNDA:15,(anonymous_0)
FNDA:3,(anonymous_1)
DA:3,3
DA:5,3
DA:10,15
DA:16,15
DA:17,15
DA:19,15
DA:20,15
DA:25,8
DA:26,8
DA:28,7
DA:29,7
DA:30,5
DA:32,2
DA:33,2
LF:14
LH:14
BRDA:8,0,0,15
BRDA:29,1,0,5
BRDA:29,1,1,2
BRF:3
BRH:3
end_of_record
TN:
SF:lib/api/client/users.ts
FN:5,(anonymous_0)
FN:14,(anonymous_1)
FNF:2
FNH:2
FNDA:14,(anonymous_0)
FNDA:3,(anonymous_1)
DA:3,3
DA:5,3
DA:9,14
DA:13,14
DA:14,14
DA:16,14
DA:17,14
DA:22,7
DA:23,7
DA:25,7
DA:27,7
DA:28,7
DA:29,5
DA:31,2
DA:33,2
LF:15
LH:15
BRDA:7,0,0,14
BRDA:28,1,0,5
BRDA:28,1,1,2
BRF:3
BRH:3
end_of_record
TN:
SF:lib/api/server/logging.ts
FN:3,(anonymous_0)
FNF:1
FNH:1
FNDA:3,(anonymous_0)
DA:3,2
DA:8,3
DA:9,3
DA:14,3
DA:17,3
LF:5
LH:5
BRF:0
BRH:0
end_of_record
TN:
SF:lib/api/server/security.ts
FN:10,withCors
FN:27,handlePreflight
FN:46,checkRateLimit
FN:63,getClientIp
FN:79,parseBodySafe
FN:97,withSecurityHeaders
FN:120,withApiSecurity
FN:121,(anonymous_7)
FNF:8
FNH:8
FNDA:11,withCors
FNDA:8,handlePreflight
FNDA:246,checkRateLimit
FNDA:7,getClientIp
FNDA:3,parseBodySafe
FNDA:4,withSecurityHeaders
FNDA:4,withApiSecurity
FNDA:4,(anonymous_7)
DA:6,2
DA:14,11
DA:15,2
DA:17,11
DA:18,11
DA:22,11
DA:23,11
DA:28,8
DA:29,5
DA:32,3
DA:33,3
DA:34,3
DA:41,2
DA:43,2
DA:44,2
DA:47,246
DA:48,246
DA:50,246
DA:51,8
DA:52,8
DA:55,238
DA:56,2
DA:59,236
DA:60,236
DA:64,7
DA:73,2
DA:82,3
DA:83,3
DA:84,1
DA:87,2
DA:88,2
DA:89,1
DA:91,1
DA:98,4
DA:99,4
DA:100,4
DA:101,4
DA:105,4
DA:121,4
DA:122,4
DA:125,4
DA:126,4
DA:127,1
DA:131,3
DA:132,3
DA:133,1
DA:137,1
DA:141,2
DA:143,2
LF:49
LH:49
BRDA:7,0,0,2
BRDA:7,0,1,2
BRDA:14,1,0,2
BRDA:14,1,1,9
BRDA:14,2,0,11
BRDA:14,2,1,3
BRDA:28,3,0,5
BRDA:28,3,1,3
BRDA:50,4,0,8
BRDA:50,4,1,238
BRDA:50,5,0,246
BRDA:50,5,1,239
BRDA:55,6,0,2
BRDA:55,6,1,236
BRDA:65,7,0,7
BRDA:65,7,1,2
BRDA:65,7,2,1
BRDA:83,8,0,1
BRDA:83,8,1,2
BRDA:83,9,0,3
BRDA:83,9,1,1
BRDA:126,10,0,1
BRDA:126,10,1,3
BRDA:132,11,0,1
BRDA:132,11,1,2
BRF:25
BRH:25
end_of_record
TN:
SF:lib/api/server/user.ts
FN:3,(anonymous_0)
FNF:1
FNH:1
FNDA:2,(anonymous_0)
DA:3,2
DA:4,2
LF:2
LH:2
BRF:0
BRH:0
end_of_record
TN:
SF:lib/api/server/_configs/GAS.ts
FN:3,(anonymous_0)
FN:11,(anonymous_1)
FNF:2
FNH:2
FNDA:4,(anonymous_0)
FNDA:4,(anonymous_1)
DA:3,2
DA:7,4
DA:8,4
DA:9,3
DA:12,4
DA:13,3
DA:15,1
DA:19,4
LF:8
LH:8
BRDA:8,0,0,3
BRDA:8,0,1,1
BRDA:12,1,0,3
BRDA:12,1,1,1
BRF:4
BRH:4
end_of_record
TN:
SF:lib/api/server/_configs/status_codes.ts
FNF:0
FNH:0
DA:1,1
DA:8,1
LF:2
LH:2
BRF:0
BRH:0
end_of_record
TN:
SF:lib/env/_config.env.ts
FN:1,requireEnv
FNF:1
FNH:1
FNDA:2,requireEnv
DA:2,2
DA:3,2
DA:4,1
DA:6,1
LF:4
LH:4
BRDA:3,0,0,1
BRDA:3,0,1,1
BRF:2
BRH:2
end_of_record
TN:
SF:utilities/cn.ts
FN:4,(anonymous_0)
FNF:1
FNH:1
FNDA:168,(anonymous_0)
DA:4,8
DA:5,168
LF:2
LH:2
BRF:0
BRH:0
end_of_record
